Clarity Server running on Port 3000
[2026-03-04T20:30:03.288Z] GET /dashboard
[2026-03-04T20:30:03.314Z] GET /static/css/style.css
[2026-03-04T20:30:03.317Z] GET /static/js/auth.js
[2026-03-04T20:30:03.318Z] GET /assets/pictures/clarity_logo.png
[2026-03-04T20:30:03.329Z] GET /static/js/dashboard.js
[2026-03-04T20:30:03.337Z] GET /static/js/ai-chat.js?v=1.1.0
[2026-03-04T20:30:03.340Z] GET /static/js/data-manager.js
[2026-03-04T20:30:03.346Z] GET /api/config?user_id=1&company_id=1
[2026-03-04T20:30:03.349Z] GET /static/js/transactions.js
[2026-03-04T20:30:03.350Z] GET /api/config
[2026-03-04T20:30:03.352Z] GET /static/js/dashboard-metrics.js
[2026-03-04T20:30:03.354Z] GET /assets/icons/joule_logo.png
[2026-03-04T20:30:03.462Z] GET /api/config
[2026-03-04T20:30:03.787Z] GET /api/config
[2026-03-04T20:30:03.789Z] GET /api/transactions?limit=10000&user_id=1&company_id=1
[2026-03-04T20:30:03.892Z] GET /api/transactions?limit=25&offset=0&user_id=1&company_id=1&sort=timestamp&order=DESC
[2026-03-04T20:30:03.971Z] GET /assets/pictures/favicon.png
[2026-03-04T20:33:21.719Z] GET /dashboard
[2026-03-04T20:33:21.770Z] GET /static/css/style.css
[2026-03-04T20:33:21.774Z] GET /static/js/auth.js
[2026-03-04T20:33:21.774Z] GET /assets/pictures/clarity_logo.png
[2026-03-04T20:33:21.785Z] GET /static/js/dashboard.js
[2026-03-04T20:33:21.786Z] GET /static/js/ai-chat.js?v=1.1.0
[2026-03-04T20:33:21.792Z] GET /static/js/forecast-engine.js
[2026-03-04T20:33:21.793Z] GET /static/js/data-manager.js
[2026-03-04T20:33:21.796Z] GET /api/config?user_id=1&company_id=1
[2026-03-04T20:33:21.797Z] GET /assets/icons/joule_logo.png
[2026-03-04T20:33:21.799Z] GET /static/js/dashboard-metrics.js
[2026-03-04T20:33:21.800Z] GET /static/js/transactions.js
[2026-03-04T20:33:21.809Z] GET /api/config
[2026-03-04T20:33:21.837Z] GET /api/config
[2026-03-04T20:33:21.842Z] GET /api/config
[2026-03-04T20:33:21.843Z] GET /api/transactions?limit=10000&user_id=1&company_id=1
[2026-03-04T20:33:21.845Z] GET /api/transactions?limit=25&offset=0&user_id=1&company_id=1&sort=timestamp&order=DESC
[2026-03-04T20:33:21.851Z] GET /assets/pictures/favicon.png
[2026-03-04T20:33:38.836Z] GET /dashboard
[2026-03-04T20:33:38.855Z] GET /static/css/style.css
[2026-03-04T20:33:38.863Z] GET /static/js/auth.js
[2026-03-04T20:33:38.864Z] GET /assets/pictures/clarity_logo.png
[2026-03-04T20:33:38.871Z] GET /api/config?user_id=1&company_id=1
[2026-03-04T20:33:38.871Z] GET /static/js/dashboard.js
[2026-03-04T20:33:38.873Z] GET /static/js/ai-chat.js?v=1.1.0
[2026-03-04T20:33:38.874Z] GET /static/js/forecast-engine.js
[2026-03-04T20:33:38.875Z] GET /static/js/data-manager.js
[2026-03-04T20:33:38.876Z] GET /static/js/dashboard-metrics.js
[2026-03-04T20:33:38.877Z] GET /static/js/transactions.js
[2026-03-04T20:33:38.877Z] GET /assets/icons/joule_logo.png
[2026-03-04T20:33:38.884Z] GET /api/config
[2026-03-04T20:33:38.885Z] GET /api/config
[2026-03-04T20:33:38.896Z] GET /api/config
[2026-03-04T20:33:38.897Z] GET /api/transactions?limit=10000&user_id=1&company_id=1
[2026-03-04T20:33:38.898Z] GET /api/transactions?limit=25&offset=0&user_id=1&company_id=1&sort=timestamp&order=DESC
[2026-03-04T20:33:38.940Z] GET /assets/pictures/favicon.png
[2026-03-04T20:34:47.172Z] GET /dashboard
[2026-03-04T20:34:47.195Z] GET /static/css/style.css
[2026-03-04T20:34:47.202Z] GET /static/js/auth.js
[2026-03-04T20:34:47.203Z] GET /assets/pictures/clarity_logo.png
[2026-03-04T20:34:47.210Z] GET /static/js/dashboard.js
[2026-03-04T20:34:47.218Z] GET /static/js/ai-chat.js?v=1.1.0
[2026-03-04T20:34:47.219Z] GET /static/js/data-manager.js
[2026-03-04T20:34:47.220Z] GET /api/config?user_id=1&company_id=1
[2026-03-04T20:34:47.222Z] GET /static/js/forecast-engine.js
[2026-03-04T20:34:47.222Z] GET /static/js/dashboard-metrics.js
[2026-03-04T20:34:47.223Z] GET /assets/icons/joule_logo.png
[2026-03-04T20:34:47.223Z] GET /static/js/transactions.js
[2026-03-04T20:34:47.226Z] GET /api/config
[2026-03-04T20:34:47.274Z] GET /api/config
[2026-03-04T20:34:47.275Z] GET /api/transactions?limit=10000&user_id=1&company_id=1
[2026-03-04T20:34:47.275Z] GET /api/transactions?limit=25&offset=0&user_id=1&company_id=1&sort=timestamp&order=DESC
[2026-03-04T20:34:47.276Z] GET /api/config
[2026-03-04T20:34:47.725Z] GET /assets/pictures/favicon.png
[2026-03-04T20:35:01.017Z] GET /api/transactions?limit=10000&user_id=1&company_id=1
[2026-03-04T20:35:01.019Z] GET /api/transactions?limit=25&offset=0&user_id=1&company_id=1&date=2025&sort=timestamp&order=DESC
[2026-03-04T20:35:06.978Z] GET /api/transactions?limit=25&offset=0&user_id=1&company_id=1&date=2026-03&sort=timestamp&order=DESC
[2026-03-04T20:35:06.979Z] GET /api/transactions?limit=10000&user_id=1&company_id=1
[2026-03-04T20:35:10.915Z] GET /api/transactions?limit=10000&user_id=1&company_id=1
[2026-03-04T20:35:10.916Z] GET /api/transactions?limit=25&offset=0&user_id=1&company_id=1&date=2026&sort=timestamp&order=DESC
[2026-03-04T20:35:44.683Z] GET /api/transactions?limit=25&offset=0&user_id=1&company_id=1&date=2026-03&sort=timestamp&order=DESC
[2026-03-04T20:35:44.684Z] GET /api/transactions?limit=10000&user_id=1&company_id=1
[2026-03-04T20:35:48.880Z] GET /api/transactions?limit=25&offset=0&user_id=1&company_id=1&date=2026&sort=timestamp&order=DESC
[2026-03-04T20:35:48.881Z] GET /api/transactions?limit=10000&user_id=1&company_id=1
[2026-03-04T20:36:16.495Z] GET /dashboard
[2026-03-04T20:36:16.526Z] GET /static/css/style.css
[2026-03-04T20:36:16.527Z] GET /static/js/auth.js
[2026-03-04T20:36:16.527Z] GET /assets/pictures/clarity_logo.png
[2026-03-04T20:36:16.528Z] GET /static/js/dashboard.js
[2026-03-04T20:36:16.539Z] GET /static/js/ai-chat.js?v=1.1.0
[2026-03-04T20:36:16.540Z] GET /static/js/data-manager.js
[2026-03-04T20:36:16.542Z] GET /api/config?user_id=1&company_id=1
[2026-03-04T20:36:16.543Z] GET /static/js/forecast-engine.js
[2026-03-04T20:36:16.543Z] GET /static/js/dashboard-metrics.js
[2026-03-04T20:36:16.546Z] GET /assets/icons/joule_logo.png
[2026-03-04T20:36:16.547Z] GET /static/js/transactions.js
[2026-03-04T20:36:16.548Z] GET /api/config
[2026-03-04T20:36:16.596Z] GET /api/config
[2026-03-04T20:36:16.599Z] GET /api/config
[2026-03-04T20:36:16.600Z] GET /api/transactions?limit=10000&user_id=1&company_id=1
[2026-03-04T20:36:16.601Z] GET /api/transactions?limit=25&offset=0&user_id=1&company_id=1&sort=timestamp&order=DESC
[2026-03-04T20:36:16.603Z] GET /assets/pictures/favicon.png
[2026-03-04T20:36:23.817Z] GET /dashboard
[2026-03-04T20:36:23.840Z] GET /static/css/style.css
[2026-03-04T20:36:23.841Z] GET /static/js/auth.js
[2026-03-04T20:36:23.842Z] GET /assets/pictures/clarity_logo.png
[2026-03-04T20:36:23.842Z] GET /static/js/dashboard.js
[2026-03-04T20:36:23.846Z] GET /api/config?user_id=1&company_id=1
[2026-03-04T20:36:23.847Z] GET /static/js/ai-chat.js?v=1.1.0
[2026-03-04T20:36:23.848Z] GET /static/js/data-manager.js
[2026-03-04T20:36:23.850Z] GET /static/js/dashboard-metrics.js
[2026-03-04T20:36:23.850Z] GET /static/js/forecast-engine.js
[2026-03-04T20:36:23.851Z] GET /assets/icons/joule_logo.png
[2026-03-04T20:36:23.852Z] GET /api/config
[2026-03-04T20:36:23.852Z] GET /static/js/transactions.js
[2026-03-04T20:36:23.862Z] GET /api/config
[2026-03-04T20:36:23.864Z] GET /api/config
[2026-03-04T20:36:23.864Z] GET /api/transactions?limit=10000&user_id=1&company_id=1
[2026-03-04T20:36:23.866Z] GET /api/transactions?limit=25&offset=0&user_id=1&company_id=1&sort=timestamp&order=DESC
[2026-03-04T20:36:23.870Z] GET /assets/pictures/favicon.png
[2026-03-04T20:36:31.280Z] GET /api/transactions?limit=25&offset=0&user_id=1&company_id=1&date=2025&sort=timestamp&order=DESC
[2026-03-04T20:36:31.281Z] GET /api/transactions?limit=10000&user_id=1&company_id=1
[2026-03-04T20:36:34.486Z] GET /api/transactions?limit=25&offset=0&user_id=1&company_id=1&date=2026&sort=timestamp&order=DESC
[2026-03-04T20:36:34.487Z] GET /api/transactions?limit=10000&user_id=1&company_id=1
[2026-03-04T20:36:54.639Z] GET /api/transactions?limit=25&offset=0&user_id=1&company_id=1&sort=timestamp&order=DESC
[2026-03-04T20:38:04.037Z] GET /dashboard
[2026-03-04T20:38:04.094Z] GET /static/css/style.css
[2026-03-04T20:38:04.103Z] GET /static/js/auth.js
[2026-03-04T20:38:04.103Z] GET /assets/pictures/clarity_logo.png
[2026-03-04T20:38:04.109Z] GET /static/js/dashboard.js
[2026-03-04T20:38:04.109Z] GET /static/js/ai-chat.js?v=1.1.0
[2026-03-04T20:38:04.116Z] GET /static/js/data-manager.js
[2026-03-04T20:38:04.117Z] GET /static/js/forecast-engine.js
[2026-03-04T20:38:04.119Z] GET /api/config?user_id=1&company_id=1
[2026-03-04T20:38:04.121Z] GET /static/js/dashboard-metrics.js
[2026-03-04T20:38:04.121Z] GET /assets/icons/joule_logo.png
[2026-03-04T20:38:04.122Z] GET /static/js/transactions.js
[2026-03-04T20:38:04.129Z] GET /api/config
[2026-03-04T20:38:04.183Z] GET /api/config
[2026-03-04T20:38:04.184Z] GET /api/transactions?limit=10000&user_id=1&company_id=1
[2026-03-04T20:38:04.185Z] GET /api/transactions?limit=25&offset=0&user_id=1&company_id=1&sort=timestamp&order=DESC
[2026-03-04T20:38:04.187Z] GET /api/config
[2026-03-04T20:38:04.938Z] GET /assets/pictures/favicon.png
[2026-03-04T20:38:05.149Z] GET /insights
[2026-03-04T20:40:04.678Z] GET /dashboard
[2026-03-04T20:40:04.703Z] GET /static/css/style.css
[2026-03-04T20:40:04.711Z] GET /static/js/auth.js
[2026-03-04T20:40:04.712Z] GET /assets/pictures/clarity_logo.png
[2026-03-04T20:40:04.726Z] GET /static/js/dashboard.js
[2026-03-04T20:40:04.727Z] GET /static/js/ai-chat.js?v=1.1.0
[2026-03-04T20:40:04.730Z] GET /api/config?user_id=1&company_id=1
[2026-03-04T20:40:04.730Z] GET /static/js/data-manager.js
[2026-03-04T20:40:04.732Z] GET /static/js/forecast-engine.js
[2026-03-04T20:40:04.733Z] GET /static/js/dashboard-metrics.js
[2026-03-04T20:40:04.734Z] GET /assets/icons/joule_logo.png
[2026-03-04T20:40:04.735Z] GET /static/js/transactions.js
[2026-03-04T20:40:04.736Z] GET /api/config
[2026-03-04T20:40:04.786Z] GET /api/config
[2026-03-04T20:40:04.794Z] GET /api/config
[2026-03-04T20:40:04.796Z] GET /api/transactions?limit=10000&user_id=1&company_id=1
[2026-03-04T20:40:04.797Z] GET /api/transactions?limit=25&offset=0&user_id=1&company_id=1&sort=timestamp&order=DESC
[2026-03-04T20:40:05.728Z] GET /insights
[2026-03-04T20:40:07.707Z] GET /dashboard
[2026-03-04T20:40:07.732Z] GET /static/css/style.css
[2026-03-04T20:40:07.737Z] GET /static/js/auth.js
[2026-03-04T20:40:07.737Z] GET /assets/pictures/clarity_logo.png
[2026-03-04T20:40:07.737Z] GET /static/js/dashboard.js
[2026-03-04T20:40:07.748Z] GET /api/config?user_id=1&company_id=1
[2026-03-04T20:40:07.749Z] GET /static/js/ai-chat.js?v=1.1.0
[2026-03-04T20:40:07.750Z] GET /static/js/data-manager.js
[2026-03-04T20:40:07.750Z] GET /static/js/forecast-engine.js
[2026-03-04T20:40:07.751Z] GET /static/js/dashboard-metrics.js
[2026-03-04T20:40:07.751Z] GET /assets/icons/joule_logo.png
[2026-03-04T20:40:07.754Z] GET /static/js/transactions.js
[2026-03-04T20:40:07.755Z] GET /api/config
[2026-03-04T20:40:07.767Z] GET /api/config
[2026-03-04T20:40:07.770Z] GET /api/config
[2026-03-04T20:40:07.770Z] GET /api/transactions?limit=10000&user_id=1&company_id=1
[2026-03-04T20:40:07.772Z] GET /api/transactions?limit=25&offset=0&user_id=1&company_id=1&sort=timestamp&order=DESC
